#
# There is insufficient memory for the Java Runtime Environment to continue.
# Native memory allocation (mmap) failed to map 264241152 bytes for G1 virtual space
# Possible reasons:
#   The system is out of physical RAM or swap space
#   The process is running with CompressedOops enabled, and the Java Heap may be blocking the growth of the native heap
# Possible solutions:
#   Reduce memory load on the system
#   Increase physical memory or swap space
#   Check if swap backing store is full
#   Decrease Java heap size (-Xmx/-Xms)
#   Decrease number of Java threads
#   Decrease Java thread stack sizes (-Xss)
#   Set larger code cache with -XX:ReservedCodeCacheSize=
#   JVM is running with Zero Based Compressed Oops mode in which the Java heap is
#     placed in the first 32GB address space. The Java Heap base address is the
#     maximum limit for the native heap growth. Please use -XX:HeapBaseMinAddress
#     to set the Java Heap base and to place the Java Heap above 32GB virtual address.
# This output file may be truncated or incomplete.
#
#  Out of Memory Error (os_windows.cpp:3603), pid=32224, tid=27164
#
# JRE version:  (21.0.9+7) (build )
# Java VM: Java HotSpot(TM) 64-Bit Server VM (21.0.9+7-LTS-338, mixed mode, sharing, tiered, compressed oops, compressed class ptrs, g1 gc, windows-amd64)
# No core dump will be written. Minidumps are not enabled by default on client versions of Windows
#

---------------  S U M M A R Y ------------

Command Line: c:\Users\Mohammad\.vscode\extensions\mike-lischke.vscode-antlr4-2.4.7\node_modules\antlr4ng-cli\antlr4-4.13.2-SNAPSHOT-complete.jar -message-format antlr -o c:\Users\Mohammad\مشروع مترجمات\src\antlr\.antlr -no-listener -no-visitor -Xexact-output-dir c:\Users\Mohammad\مشروع مترجمات\src\antlr\Sql.g4

Host: 12th Gen Intel(R) Core(TM) i5-1235U, 12 cores, 15G,  Windows 11 , 64 bit Build 26100 (10.0.26100.7623)
Time: Wed Jan 21 11:23:45 2026 Syria Standard Time elapsed time: 0.014152 seconds (0d 0h 0m 0s)

---------------  T H R E A D  ---------------

Current thread (0x000002a6c189f830):  JavaThread "Unknown thread" [_thread_in_vm, id=27164, stack(0x000000d398f00000,0x000000d399000000) (1024K)]

Stack: [0x000000d398f00000,0x000000d399000000]
Native frames: (J=compiled Java code, j=interpreted, Vv=VM code, C=native code)
V  [jvm.dll+0x6cbf89]
V  [jvm.dll+0x858421]
V  [jvm.dll+0x85a94e]
V  [jvm.dll+0x85b023]
V  [jvm.dll+0x27ebc6]
V  [jvm.dll+0x6c8705]
V  [jvm.dll+0x6bd26a]
V  [jvm.dll+0x354a0a]
V  [jvm.dll+0x35c686]
V  [jvm.dll+0x3af79e]
V  [jvm.dll+0x3afa48]
V  [jvm.dll+0x328d1c]
V  [jvm.dll+0x32987b]
V  [jvm.dll+0x821739]
V  [jvm.dll+0x3bc481]
V  [jvm.dll+0x80a9b8]
V  [jvm.dll+0x45166e]
V  [jvm.dll+0x453261]
C  [jli.dll+0x52a3]
C  [ucrtbase.dll+0x37b0]
C  [KERNEL32.DLL+0x2e8d7]
C  [ntdll.dll+0x8c53c]


---------------  P R O C E S S  ---------------

Threads class SMR info:
_java_thread_list=0x00007ff9fec7fc08, length=0, elements={
}

Java Threads: ( => current thread )
Total: 0

Other Threads:
  0x000002a6c19006c0 WorkerThread "GC Thread#0"                     [id=32068, stack(0x000000d399000000,0x000000d399100000) (1024K)]
  0x000002a6c19120f0 ConcurrentGCThread "G1 Main Marker"            [id=32664, stack(0x000000d399100000,0x000000d399200000) (1024K)]
  0x000002a6c1912c00 WorkerThread "G1 Conc#0"                       [id=31680, stack(0x000000d399200000,0x000000d399300000) (1024K)]

[error occurred during error reporting (printing all threads), id 0xc0000005, EXCEPTION_ACCESS_VIOLATION (0xc0000005) at pc=0x00007ff9fe3eb4a7]
VM state: not at safepoint (not fully initialized)

VM Mutex/Monitor currently owned by a thread:  ([mutex/lock_event])
[0x00007ff9fecf0ef0] Heap_lock - owner thread: 0x000002a6c189f830

Heap address: 0x0000000704400000, size: 4028 MB, Compressed Oops mode: Zero based, Oop shift amount: 3

CDS archive(s) mapped at: [0x0000000000000000-0x0000000000000000-0x0000000000000000), size 0, SharedBaseAddress: 0x0000000800000000, ArchiveRelocationMode: 1.
Narrow klass base: 0x0000000000000000, Narrow klass shift: 0, Narrow klass range: 0x0

GC Precious Log:
 CardTable entry size: 512
 Card Set container configuration: InlinePtr #cards 4 size 8 Array Of Cards #cards 16 size 48 Howl #buckets 8 coarsen threshold 3686 Howl Bitmap #cards 512 size 80 coarsen threshold 460 Card regions per heap region 1 cards per card region 4096

Heap:
 garbage-first heap   total 0K, used 0K [0x0000000704400000, 0x0000000800000000)
  region size 2048K, 0 young (0K), 0 survivors (0K)

[error occurred during error reporting (printing heap information), id 0xc0000005, EXCEPTION_ACCESS_VIOLATION (0xc0000005) at pc=0x00007ff9fe7d4ff9]
GC Heap History (0 events):
No events

Dll operation events (1 events):
Event: 0.008 Loaded shared library C:\Program Files\Java\jdk-21\bin\java.dll

Deoptimization events (0 events):
No events

Classes loaded (0 events):
No events

Classes unloaded (0 events):
No events

Classes redefined (0 events):
No events

Internal exceptions (0 events):
No events

ZGC Phase Switch (0 events):
No events

VM Operations (0 events):
No events

Events (0 events):
No events


Dynamic libraries:
0x00007ff688f00000 - 0x00007ff688f10000 	C:\Program Files\Java\jdk-21\bin\java.exe
0x00007ffa801c0000 - 0x00007ffa80427000 	C:\WINDOWS\SYSTEM32\ntdll.dll
0x00007ffa7f5c0000 - 0x00007ffa7f689000 	C:\WINDOWS\System32\KERNEL32.DLL
0x00007ffa7d700000 - 0x00007ffa7daef000 	C:\WINDOWS\System32\KERNELBASE.dll
0x00007ffa7dcb0000 - 0x00007ffa7ddfb000 	C:\WINDOWS\System32\ucrtbase.dll
0x00007ffa3eaa0000 - 0x00007ffa3eab9000 	C:\Program Files\Java\jdk-21\bin\jli.dll
0x00007ffa7f890000 - 0x00007ffa7f944000 	C:\WINDOWS\System32\ADVAPI32.dll
0x00007ffa3e7c0000 - 0x00007ffa3e7db000 	C:\Program Files\Java\jdk-21\bin\VCRUNTIME140.dll
0x00007ffa7fa60000 - 0x00007ffa7fb09000 	C:\WINDOWS\System32\msvcrt.dll
0x00007ffa7fec0000 - 0x00007ffa7ff66000 	C:\WINDOWS\System32\sechost.dll
0x00007ffa7df60000 - 0x00007ffa7e078000 	C:\WINDOWS\System32\RPCRT4.dll
0x00007ffa7fcf0000 - 0x00007ffa7feb5000 	C:\WINDOWS\System32\USER32.dll
0x00007ffa7dc80000 - 0x00007ffa7dca7000 	C:\WINDOWS\System32\win32u.dll
0x00007ffa7fc40000 - 0x00007ffa7fc6b000 	C:\WINDOWS\System32\GDI32.dll
0x00007ffa7d310000 - 0x00007ffa7d43c000 	C:\WINDOWS\System32\gdi32full.dll
0x00007ffa5cf90000 - 0x00007ffa5d223000 	C:\WINDOWS\WinSxS\amd64_microsoft.windows.common-controls_6595b64144ccf1df_6.0.26100.7309_none_3e05feeae336a044\COMCTL32.dll
0x00007ffa7deb0000 - 0x00007ffa7df53000 	C:\WINDOWS\System32\msvcp_win.dll
0x00007ffa757d0000 - 0x00007ffa757db000 	C:\WINDOWS\SYSTEM32\VERSION.dll
0x00007ffa7f950000 - 0x00007ffa7f981000 	C:\WINDOWS\System32\IMM32.DLL
0x00007ffa5dff0000 - 0x00007ffa5dffc000 	C:\Program Files\Java\jdk-21\bin\vcruntime140_1.dll
0x00007ffa323b0000 - 0x00007ffa3243e000 	C:\Program Files\Java\jdk-21\bin\msvcp140.dll
0x00007ff9fe0b0000 - 0x00007ff9fedcd000 	C:\Program Files\Java\jdk-21\bin\server\jvm.dll
0x00007ffa7fc70000 - 0x00007ffa7fce4000 	C:\WINDOWS\System32\WS2_32.dll
0x00007ffa7d170000 - 0x00007ffa7d1ce000 	C:\WINDOWS\SYSTEM32\POWRPROF.dll
0x00007ffa70e00000 - 0x00007ffa70e35000 	C:\WINDOWS\SYSTEM32\WINMM.dll
0x00007ffa7d150000 - 0x00007ffa7d164000 	C:\WINDOWS\SYSTEM32\UMPDC.dll
0x00007ffa7c0c0000 - 0x00007ffa7c0db000 	C:\WINDOWS\SYSTEM32\kernel.appcore.dll
0x00007ffa5de20000 - 0x00007ffa5de2a000 	C:\Program Files\Java\jdk-21\bin\jimage.dll
0x00007ffa7a120000 - 0x00007ffa7a362000 	C:\WINDOWS\SYSTEM32\DBGHELP.DLL
0x00007ffa7e2f0000 - 0x00007ffa7e676000 	C:\WINDOWS\System32\combase.dll
0x00007ffa7f690000 - 0x00007ffa7f766000 	C:\WINDOWS\System32\OLEAUT32.dll
0x00007ffa59d40000 - 0x00007ffa59d7c000 	C:\WINDOWS\SYSTEM32\dbgcore.DLL
0x00007ffa7de00000 - 0x00007ffa7dea5000 	C:\WINDOWS\System32\bcryptPrimitives.dll
0x00007ffa3cd70000 - 0x00007ffa3cd8f000 	C:\Program Files\Java\jdk-21\bin\java.dll

dbghelp: loaded successfully - version: 4.0.5 - missing functions: none
symbol engine: initialized successfully - sym options: 0x614 - pdb path: .;C:\Program Files\Java\jdk-21\bin;C:\WINDOWS\SYSTEM32;C:\WINDOWS\WinSxS\amd64_microsoft.windows.common-controls_6595b64144ccf1df_6.0.26100.7309_none_3e05feeae336a044;C:\Program Files\Java\jdk-21\bin\server

VM Arguments:
java_command: c:\Users\Mohammad\.vscode\extensions\mike-lischke.vscode-antlr4-2.4.7\node_modules\antlr4ng-cli\antlr4-4.13.2-SNAPSHOT-complete.jar -message-format antlr -o c:\Users\Mohammad\مشروع مترجمات\src\antlr\.antlr -no-listener -no-visitor -Xexact-output-dir c:\Users\Mohammad\مشروع مترجمات\src\antlr\Sql.g4
java_class_path (initial): c:\Users\Mohammad\.vscode\extensions\mike-lischke.vscode-antlr4-2.4.7\node_modules\antlr4ng-cli\antlr4-4.13.2-SNAPSHOT-complete.jar
Launcher Type: SUN_STANDARD

[Global flags]
     intx CICompilerCount                          = 4                                         {product} {ergonomic}
     uint ConcGCThreads                            = 3                                         {product} {ergonomic}
     uint G1ConcRefinementThreads                  = 10                                        {product} {ergonomic}
   size_t G1HeapRegionSize                         = 2097152                                   {product} {ergonomic}
    uintx GCDrainStackTargetSize                   = 64                                        {product} {ergonomic}
   size_t InitialHeapSize                          = 264241152                                 {product} {ergonomic}
   size_t MarkStackSize                            = 4194304                                   {product} {ergonomic}
   size_t MaxHeapSize                              = 4223664128                                {product} {ergonomic}
   size_t MinHeapDeltaBytes                        = 2097152                                   {product} {ergonomic}
   size_t MinHeapSize                              = 8388608                                   {product} {ergonomic}
    uintx NonNMethodCodeHeapSize                   = 5839372                                {pd product} {ergonomic}
    uintx NonProfiledCodeHeapSize                  = 122909434                              {pd product} {ergonomic}
    uintx ProfiledCodeHeapSize                     = 122909434                              {pd product} {ergonomic}
    uintx ReservedCodeCacheSize                    = 251658240                              {pd product} {ergonomic}
     bool SegmentedCodeCache                       = true                                      {product} {ergonomic}
   size_t SoftMaxHeapSize                          = 4223664128                             {manageable} {ergonomic}
     bool UseCompressedOops                        = true                           {product lp64_product} {ergonomic}
     bool UseG1GC                                  = true                                      {product} {ergonomic}
     bool UseLargePagesIndividualAllocation        = false                                  {pd product} {ergonomic}

Logging:
Log output configuration:
 #0: stdout all=warning uptime,level,tags foldmultilines=false
 #1: stderr all=off uptime,level,tags foldmultilines=false

Environment Variables:
JAVA_HOME=C:\Program Files\Java\jdk-21
PATH=C:\Program Files\Common Files\Oracle\Java\javapath;C:\Program Files (x86)\VMware\VMware Workstation\bin\;C:\Python313\Scripts\;C:\Python313\;C:\Windows\system32;C:\Windows;C:\Windows\System32\Wbem;C:\Windows\System32\WindowsPowerShell\v1.0\;C:\Windows\System32\OpenSSH\;C:\Program Files (x86)\NVIDIA Corporation\PhysX\Common;C:\Program Files\NVIDIA Corporation\NVIDIA NvDLISR;C:\Program Files\MATLAB\R2018a\runtime\win64;C:\Program Files\MATLAB\R2018a\bin;C:\ProgramData\ComposerSetup\bin;C:\Program Files (x86)\Windows Kits\10\Windows Performance Toolkit\;C:\Program Files\Microsoft SQL Server\150\Tools\Binn\;C:\Program Files\Microsoft SQL Server\Client SDK\ODBC\170\Tools\Binn\;C:\Program Files\dotnet\;C:\ProgramData\chocolatey\bin;C:\Program Files\Git\cmd;C:\xamppnew\php;C:\wamp64\bin\php\php8.2.0;C:\platform-tools;C:\Program Files (x86)\Microsoft SQL Server\160\Tools\Binn\;C:\Program Files\Microsoft SQL Server\160\Tools\Binn\;C:\Program Files\Microsoft SQL Server\160\DTS\Binn\;C:\Program Files\Docker\Docker\resources\bin;C:\Program Files\nodejs\;C:\WINDOWS\system32;C:\WINDOWS;C:\WINDOWS\System32\Wbem;C:\WINDOWS\System32\WindowsPowerShell\v1.0\;C:\WINDOWS\System32\OpenSSH\;C:\Program Files\Microsoft SQL Server\170\DTS\Binn\;C:\wamp64\bin\php\php8.4.0;C:\Users\Mohammad\Downloads\ghidra-master\ghidra-master\.gradle\9.2.1;C:\Program Files\Java\jdk-17\bin;C:\Users\Mohammad\AppData\Roaming\local\bin;C:\Users\Mohammad\AppData\Local\Microsoft\WindowsApps;C:\Users\Mohammad\AppData\Roaming\Composer\vendor\bin;C:\Users\Mohammad\AppData\Local\Programs\Microsoft VS Code\bin;C:\Users\Mohammad\.dotnet\tools;C:\Users\Mohammad\AppData\Local\Microsoft\WinGet\Packages\Schniz.fnm_Microsoft.Winget.Source_8wekyb3d8bbwe;C:\platform-tools;C:\dartsdk-windows-x64-release\dart-sdk\bin;C:\Users\Mohammad\AppData\Roaming\npm;C:\Users\Mohammad\AppData\Local\Programs\Fiddler;C:\flutter_windows_3.38.0-stable\flutter\bin;
USERNAME=Mohammad
OS=Windows_NT
PROCESSOR_IDENTIFIER=Intel64 Family 6 Model 154 Stepping 4, GenuineIntel
TMP=C:\Users\Mohammad\AppData\Local\Temp
TEMP=C:\Users\Mohammad\AppData\Local\Temp




Periodic native trim disabled

---------------  S Y S T E M  ---------------

OS:
 Windows 11 , 64 bit Build 26100 (10.0.26100.7623)
OS uptime: 1 days 9:45 hours
Hyper-V role detected

CPU: total 12 (initial active 12) (6 cores per cpu, 2 threads per core) family 6 model 154 stepping 4 microcode 0x435, cx8, cmov, fxsr, ht, mmx, 3dnowpref, sse, sse2, sse3, ssse3, sse4.1, sse4.2, popcnt, lzcnt, tsc, tscinvbit, avx, avx2, aes, erms, clmul, bmi1, bmi2, adx, sha, fma, vzeroupper, clflush, clflushopt, clwb, hv, serialize, rdtscp, rdpid, fsrm, f16c, cet_ibt, cet_ss
Processor Information for processor 0
  Max Mhz: 1300, Current Mhz: 1300, Mhz Limit: 1300
Processor Information for processor 1
  Max Mhz: 1300, Current Mhz: 1300, Mhz Limit: 1300
Processor Information for processor 2
  Max Mhz: 1300, Current Mhz: 1300, Mhz Limit: 1300
Processor Information for processor 3
  Max Mhz: 1300, Current Mhz: 1300, Mhz Limit: 1300
Processor Information for processor 4
  Max Mhz: 900, Current Mhz: 900, Mhz Limit: 900
Processor Information for processor 5
  Max Mhz: 900, Current Mhz: 900, Mhz Limit: 900
Processor Information for processor 6
  Max Mhz: 900, Current Mhz: 900, Mhz Limit: 900
Processor Information for processor 7
  Max Mhz: 900, Current Mhz: 900, Mhz Limit: 900
Processor Information for processor 8
  Max Mhz: 900, Current Mhz: 900, Mhz Limit: 900
Processor Information for processor 9
  Max Mhz: 900, Current Mhz: 900, Mhz Limit: 900
Processor Information for processor 10
  Max Mhz: 900, Current Mhz: 900, Mhz Limit: 900
Processor Information for processor 11
  Max Mhz: 900, Current Mhz: 900, Mhz Limit: 900

Memory: 4k page, system-wide physical 16108M (2341M free)
TotalPageFile size 24008M (AvailPageFile size 182M)
current process WorkingSet (physical memory assigned to process): 12M, peak: 12M
current process commit charge ("private bytes"): 64M, peak: 316M

vm_info: Java HotSpot(TM) 64-Bit Server VM (21.0.9+7-LTS-338) for windows-amd64 JRE (21.0.9+7-LTS-338), built on 2025-09-26T06:33:49Z by "mach5run" with MS VC++ 17.6 (VS2022)

END.
